<?xml version="1.0" encoding="UTF-8"?>
<testng-results ignored="0" total="1" passed="1" failed="0" skipped="0">
  <reporter-output>
  </reporter-output>
  <suite started-at="2024-10-04T13:54:54 IST" name="Default suite" finished-at="2024-10-04T13:55:07 IST" duration-ms="13683">
    <groups>
    </groups>
    <test started-at="2024-10-04T13:54:54 IST" name="Default test" finished-at="2024-10-04T13:55:07 IST" duration-ms="13683">
      <class name="amz_testcases.Check_product_details_present">
        <test-method is-config="true" signature="Amz_login()[pri:0, instance:amz_testcases.Check_product_details_present@cb0755b]" started-at="2024-10-04T13:54:54 IST" name="Amz_login" finished-at="2024-10-04T13:54:59 IST" duration-ms="5795" status="PASS">
          <reporter-output>
          </reporter-output>
        </test-method> <!-- Amz_login -->
        <test-method signature="verify_product_details()[pri:0, instance:amz_testcases.Check_product_details_present@cb0755b]" started-at="2024-10-04T13:54:59 IST" name="verify_product_details" finished-at="2024-10-04T13:55:05 IST" duration-ms="5435" status="PASS">
          <reporter-output>
          </reporter-output>
        </test-method> <!-- verify_product_details -->
        <test-method is-config="true" signature="Amz_logout()[pri:0, instance:amz_testcases.Check_product_details_present@cb0755b]" started-at="2024-10-04T13:55:05 IST" name="Amz_logout" finished-at="2024-10-04T13:55:07 IST" duration-ms="2414" status="PASS">
          <reporter-output>
          </reporter-output>
        </test-method> <!-- Amz_logout -->
      </class> <!-- amz_testcases.Check_product_details_present -->
    </test> <!-- Default test -->
  </suite> <!-- Default suite -->
</testng-results>
